<?xml version="1.0" encoding="UTF-8"?>
<!-- Generated by org.testng.reporters.JUnitReportReporter -->
<testsuite hostname="WKWIN1771489" name="scripts.ToVerifyAddToCart" tests="1" failures="0" timestamp="31 Jul 2018 09:32:46 GMT" time="165.598" errors="0">
  <testcase name="testToVerifyAddToCart" time="165.598" classname="scripts.ToVerifyAddToCart"/>
</testsuite> <!-- scripts.ToVerifyAddToCart -->
