<?xml version="1.0" encoding="UTF-8"?>
<!-- Generated by org.testng.reporters.JUnitReportReporter -->
<testsuite hostname="WKWIN1771489" name="scripts.ToVerifyAddtoShoppingCart" tests="1" failures="0" timestamp="4 Aug 2018 04:38:33 GMT" time="146.703" errors="0">
  <testcase name="testToVerifyAddtoShoppingCart" time="146.703" classname="scripts.ToVerifyAddtoShoppingCart"/>
</testsuite> <!-- scripts.ToVerifyAddtoShoppingCart -->
