<?xml version="1.0" encoding="UTF-8"?>
<!-- Generated by org.testng.reporters.JUnitReportReporter -->
<testsuite hostname="WKWIN1771489" name="scripts.toVerifyEmptyCart" tests="1" failures="0" timestamp="5 Aug 2018 04:57:14 GMT" time="55.061" errors="0">
  <testcase name="testToVerifyAddtoShoppingCart" time="55.061" classname="scripts.toVerifyEmptyCart"/>
</testsuite> <!-- scripts.toVerifyEmptyCart -->
